app/build/intermediates/manifest_merge_blame_file/debug/manifest-merger-blame-debug-report.txt
1<?xml version="1.0" encoding="utf-8"?>
2<manifest xmlns:android="http://schemas.android.com/apk/res/android"
3    package="com.example.messheknahalal"
4    android:versionCode="1"
5    android:versionName="1.0" >
6
7    <uses-sdk
8        android:minSdkVersion="24"
8-->src\main\AndroidManifest.xml
9        android:targetSdkVersion="31" />
9-->src\main\AndroidManifest.xml
10
11    <uses-permission android:name="android.permission.ACCESS_NETWORK_STATE" />
11-->src\main\AndroidManifest.xml:4:5-78
11-->src\main\AndroidManifest.xml:4:22-76
12    <uses-permission android:name="android.permission.INTERNET" />
12-->src\main\AndroidManifest.xml:5:5-66
12-->src\main\AndroidManifest.xml:5:22-64
13    <uses-permission android:name="android.permission.WAKE_LOCK" /> <!-- Required by older versions of Google Play services to create IID tokens -->
13-->[com.google.firebase:firebase-messaging:23.0.0] AndroidManifest.xml:23:5-68
13-->[com.google.firebase:firebase-messaging:23.0.0] AndroidManifest.xml:23:22-65
14    <uses-permission android:name="com.google.android.c2dm.permission.RECEIVE" />
14-->[com.google.firebase:firebase-messaging:23.0.0] AndroidManifest.xml:25:5-82
14-->[com.google.firebase:firebase-messaging:23.0.0] AndroidManifest.xml:25:22-79
15    <uses-permission android:name="com.google.android.finsky.permission.BIND_GET_INSTALL_REFERRER_SERVICE" /> <!-- Include required permissions for Advertising Id -->
15-->[com.google.android.gms:play-services-measurement:20.0.2] AndroidManifest.xml:26:5-110
15-->[com.google.android.gms:play-services-measurement:20.0.2] AndroidManifest.xml:26:22-107
16    <uses-permission android:name="com.google.android.gms.permission.AD_ID" />
16-->[com.google.android.gms:play-services-ads-identifier:18.0.0] AndroidManifest.xml:23:5-79
16-->[com.google.android.gms:play-services-ads-identifier:18.0.0] AndroidManifest.xml:23:22-76
17
18    <application
18-->src\main\AndroidManifest.xml:7:5-107:19
19        android:name="com.example.messheknahalal.Utils.MesshekNahalal"
19-->src\main\AndroidManifest.xml:8:9-45
20        android:allowBackup="true"
20-->src\main\AndroidManifest.xml:9:9-35
21        android:appComponentFactory="androidx.core.app.CoreComponentFactory"
21-->[androidx.core:core:1.7.0] AndroidManifest.xml:24:18-86
22        android:debuggable="true"
23        android:extractNativeLibs="false"
24        android:icon="@drawable/app_logo"
24-->src\main\AndroidManifest.xml:10:9-42
25        android:label="@string/app_name"
25-->src\main\AndroidManifest.xml:11:9-41
26        android:roundIcon="@drawable/app_logo_round"
26-->src\main\AndroidManifest.xml:12:9-53
27        android:supportsRtl="true"
27-->src\main\AndroidManifest.xml:13:9-35
28        android:theme="@style/Theme.MesshekNahalal" >
28-->src\main\AndroidManifest.xml:14:9-52
29        <activity
29-->src\main\AndroidManifest.xml:15:9-19:52
30            android:name="com.example.messheknahalal.Admin_screens.OrdersRecyclerViewScreenAdmin"
30-->src\main\AndroidManifest.xml:16:13-72
31            android:exported="false"
31-->src\main\AndroidManifest.xml:17:13-37
32            android:screenOrientation="portrait"
32-->src\main\AndroidManifest.xml:19:13-49
33            android:windowSoftInputMode="adjustPan" />
33-->src\main\AndroidManifest.xml:18:13-52
34        <activity
34-->src\main\AndroidManifest.xml:20:9-24:40
35            android:name="com.example.messheknahalal.User_screens.OrdersRecyclerViewScreenUser"
35-->src\main\AndroidManifest.xml:21:13-70
36            android:exported="false"
36-->src\main\AndroidManifest.xml:24:13-37
37            android:screenOrientation="portrait"
37-->src\main\AndroidManifest.xml:23:13-49
38            android:windowSoftInputMode="adjustPan" />
38-->src\main\AndroidManifest.xml:22:13-52
39        <activity
39-->src\main\AndroidManifest.xml:25:9-29:40
40            android:name="com.example.messheknahalal.User_screens.ShoppingScreen"
40-->src\main\AndroidManifest.xml:26:13-56
41            android:exported="false"
41-->src\main\AndroidManifest.xml:29:13-37
42            android:screenOrientation="portrait"
42-->src\main\AndroidManifest.xml:28:13-49
43            android:windowSoftInputMode="adjustPan" />
43-->src\main\AndroidManifest.xml:27:13-52
44        <activity
44-->src\main\AndroidManifest.xml:30:9-32:40
45            android:name="com.example.messheknahalal.SuperActivityWithNavigationDrawer"
45-->src\main\AndroidManifest.xml:31:13-62
46            android:exported="false" />
46-->src\main\AndroidManifest.xml:32:13-37
47        <activity
47-->src\main\AndroidManifest.xml:33:9-37:52
48            android:name="com.example.messheknahalal.Admin_screens.ProductsRecycleViewScreenAdmin"
48-->src\main\AndroidManifest.xml:34:13-73
49            android:exported="false"
49-->src\main\AndroidManifest.xml:35:13-37
50            android:screenOrientation="portrait"
50-->src\main\AndroidManifest.xml:37:13-49
51            android:windowSoftInputMode="adjustPan" />
51-->src\main\AndroidManifest.xml:36:13-52
52        <activity
52-->src\main\AndroidManifest.xml:38:9-42:52
53            android:name="com.example.messheknahalal.Admin_screens.AdminsRecycleViewScreenAdmin"
53-->src\main\AndroidManifest.xml:39:13-71
54            android:exported="false"
54-->src\main\AndroidManifest.xml:40:13-37
55            android:screenOrientation="portrait"
55-->src\main\AndroidManifest.xml:42:13-49
56            android:windowSoftInputMode="adjustPan" />
56-->src\main\AndroidManifest.xml:41:13-52
57        <activity
57-->src\main\AndroidManifest.xml:43:9-47:52
58            android:name="com.example.messheknahalal.Admin_screens.UsersRecycleViewScreenAdmin"
58-->src\main\AndroidManifest.xml:44:13-70
59            android:exported="false"
59-->src\main\AndroidManifest.xml:45:13-37
60            android:screenOrientation="portrait"
60-->src\main\AndroidManifest.xml:47:13-49
61            android:windowSoftInputMode="adjustPan" />
61-->src\main\AndroidManifest.xml:46:13-52
62        <activity
62-->src\main\AndroidManifest.xml:48:9-52:52
63            android:name="com.example.messheknahalal.Admin_screens.CreateNewProductAdmin"
63-->src\main\AndroidManifest.xml:49:13-64
64            android:exported="false"
64-->src\main\AndroidManifest.xml:50:13-37
65            android:screenOrientation="portrait"
65-->src\main\AndroidManifest.xml:52:13-49
66            android:windowSoftInputMode="adjustPan" />
66-->src\main\AndroidManifest.xml:51:13-52
67        <activity
67-->src\main\AndroidManifest.xml:53:9-57:52
68            android:name="com.example.messheknahalal.Admin_screens.EditProductAdmin"
68-->src\main\AndroidManifest.xml:54:13-59
69            android:exported="false"
69-->src\main\AndroidManifest.xml:55:13-37
70            android:screenOrientation="portrait"
70-->src\main\AndroidManifest.xml:57:13-49
71            android:windowSoftInputMode="adjustPan" />
71-->src\main\AndroidManifest.xml:56:13-52
72        <activity
72-->src\main\AndroidManifest.xml:58:9-62:52
73            android:name="com.example.messheknahalal.Admin_screens.mainScreenAdmin"
73-->src\main\AndroidManifest.xml:59:13-58
74            android:exported="false"
74-->src\main\AndroidManifest.xml:60:13-37
75            android:screenOrientation="portrait"
75-->src\main\AndroidManifest.xml:62:13-49
76            android:windowSoftInputMode="adjustPan" />
76-->src\main\AndroidManifest.xml:61:13-52
77        <activity
77-->src\main\AndroidManifest.xml:63:9-67:52
78            android:name="com.example.messheknahalal.Admin_screens.MyProfileScreenAdmin"
78-->src\main\AndroidManifest.xml:64:13-63
79            android:exported="false"
79-->src\main\AndroidManifest.xml:65:13-37
80            android:screenOrientation="portrait"
80-->src\main\AndroidManifest.xml:67:13-49
81            android:windowSoftInputMode="adjustPan" />
81-->src\main\AndroidManifest.xml:66:13-52
82        <activity
82-->src\main\AndroidManifest.xml:68:9-72:52
83            android:name="com.example.messheknahalal.User_screens.MyProfileScreenUser"
83-->src\main\AndroidManifest.xml:69:13-61
84            android:exported="false"
84-->src\main\AndroidManifest.xml:70:13-37
85            android:screenOrientation="portrait"
85-->src\main\AndroidManifest.xml:72:13-49
86            android:windowSoftInputMode="adjustPan" />
86-->src\main\AndroidManifest.xml:71:13-52
87        <activity
87-->src\main\AndroidManifest.xml:73:9-77:52
88            android:name="com.example.messheknahalal.signUpScreen"
88-->src\main\AndroidManifest.xml:74:13-41
89            android:exported="false"
89-->src\main\AndroidManifest.xml:75:13-37
90            android:screenOrientation="portrait"
90-->src\main\AndroidManifest.xml:77:13-49
91            android:windowSoftInputMode="adjustPan" />
91-->src\main\AndroidManifest.xml:76:13-52
92        <activity
92-->src\main\AndroidManifest.xml:78:9-82:52
93            android:name="com.example.messheknahalal.User_screens.mainScreenUser"
93-->src\main\AndroidManifest.xml:79:13-56
94            android:exported="false"
94-->src\main\AndroidManifest.xml:80:13-37
95            android:screenOrientation="portrait"
95-->src\main\AndroidManifest.xml:82:13-49
96            android:windowSoftInputMode="adjustPan" />
96-->src\main\AndroidManifest.xml:81:13-52
97        <activity
97-->src\main\AndroidManifest.xml:83:9-87:52
98            android:name="com.example.messheknahalal.loginScreen"
98-->src\main\AndroidManifest.xml:84:13-40
99            android:exported="false"
99-->src\main\AndroidManifest.xml:85:13-37
100            android:screenOrientation="portrait"
100-->src\main\AndroidManifest.xml:87:13-49
101            android:windowSoftInputMode="adjustPan" />
101-->src\main\AndroidManifest.xml:86:13-52
102        <activity
102-->src\main\AndroidManifest.xml:88:9-98:20
103            android:name="com.example.messheknahalal.splashScreen"
103-->src\main\AndroidManifest.xml:89:13-41
104            android:exported="true"
104-->src\main\AndroidManifest.xml:90:13-36
105            android:screenOrientation="portrait"
105-->src\main\AndroidManifest.xml:92:13-49
106            android:windowSoftInputMode="adjustPan" >
106-->src\main\AndroidManifest.xml:91:13-52
107            <intent-filter>
107-->src\main\AndroidManifest.xml:93:13-97:29
108                <action android:name="android.intent.action.MAIN" />
108-->src\main\AndroidManifest.xml:94:17-69
108-->src\main\AndroidManifest.xml:94:25-66
109
110                <category android:name="android.intent.category.LAUNCHER" />
110-->src\main\AndroidManifest.xml:96:17-77
110-->src\main\AndroidManifest.xml:96:27-74
111            </intent-filter>
112        </activity>
113
114        <service
114-->src\main\AndroidManifest.xml:100:9-106:19
115            android:name="com.example.messheknahalal.notifications.FirebaseNotificationPushService"
115-->src\main\AndroidManifest.xml:101:13-74
116            android:exported="false" >
116-->src\main\AndroidManifest.xml:102:13-37
117            <intent-filter>
117-->src\main\AndroidManifest.xml:103:13-105:29
118                <action android:name="com.google.firebase.MESSAGING_EVENT" />
118-->src\main\AndroidManifest.xml:104:17-78
118-->src\main\AndroidManifest.xml:104:25-75
119            </intent-filter>
120        </service>
121        <service
121-->[com.google.firebase:firebase-database:20.0.5] AndroidManifest.xml:29:9-35:19
122            android:name="com.google.firebase.components.ComponentDiscoveryService"
122-->[com.google.firebase:firebase-database:20.0.5] AndroidManifest.xml:30:13-84
123            android:directBootAware="true"
123-->[com.google.firebase:firebase-common:20.1.1] AndroidManifest.xml:35:13-43
124            android:exported="false" >
124-->[com.google.firebase:firebase-database:20.0.5] AndroidManifest.xml:31:13-37
125            <meta-data
125-->[com.google.firebase:firebase-database:20.0.5] AndroidManifest.xml:32:13-34:85
126                android:name="com.google.firebase.components:com.google.firebase.database.DatabaseRegistrar"
126-->[com.google.firebase:firebase-database:20.0.5] AndroidManifest.xml:33:17-109
127                android:value="com.google.firebase.components.ComponentRegistrar" />
127-->[com.google.firebase:firebase-database:20.0.5] AndroidManifest.xml:34:17-82
128            <meta-data
128-->[com.google.firebase:firebase-auth:21.0.5] AndroidManifest.xml:67:13-69:85
129                android:name="com.google.firebase.components:com.google.firebase.auth.FirebaseAuthRegistrar"
129-->[com.google.firebase:firebase-auth:21.0.5] AndroidManifest.xml:68:17-109
130                android:value="com.google.firebase.components.ComponentRegistrar" />
130-->[com.google.firebase:firebase-auth:21.0.5] AndroidManifest.xml:69:17-82
131            <meta-data
131-->[com.google.firebase:firebase-firestore:24.1.2] AndroidManifest.xml:20:13-22:85
132                android:name="com.google.firebase.components:com.google.firebase.firestore.FirestoreRegistrar"
132-->[com.google.firebase:firebase-firestore:24.1.2] AndroidManifest.xml:21:17-111
133                android:value="com.google.firebase.components.ComponentRegistrar" />
133-->[com.google.firebase:firebase-firestore:24.1.2] AndroidManifest.xml:22:17-82
134            <meta-data
134-->[com.google.firebase:firebase-storage:20.0.1] AndroidManifest.xml:33:13-35:85
135                android:name="com.google.firebase.components:com.google.firebase.storage.StorageRegistrar"
135-->[com.google.firebase:firebase-storage:20.0.1] AndroidManifest.xml:34:17-107
136                android:value="com.google.firebase.components.ComponentRegistrar" />
136-->[com.google.firebase:firebase-storage:20.0.1] AndroidManifest.xml:35:17-82
137            <meta-data
137-->[com.google.firebase:firebase-messaging:23.0.0] AndroidManifest.xml:52:13-54:85
138                android:name="com.google.firebase.components:com.google.firebase.messaging.FirebaseMessagingRegistrar"
138-->[com.google.firebase:firebase-messaging:23.0.0] AndroidManifest.xml:53:17-119
139                android:value="com.google.firebase.components.ComponentRegistrar" />
139-->[com.google.firebase:firebase-messaging:23.0.0] AndroidManifest.xml:54:17-82
140            <meta-data
140-->[com.google.firebase:firebase-datatransport:18.0.0] AndroidManifest.xml:28:13-30:85
141                android:name="com.google.firebase.components:com.google.firebase.datatransport.TransportRegistrar"
141-->[com.google.firebase:firebase-datatransport:18.0.0] AndroidManifest.xml:29:17-115
142                android:value="com.google.firebase.components.ComponentRegistrar" />
142-->[com.google.firebase:firebase-datatransport:18.0.0] AndroidManifest.xml:30:17-82
143            <meta-data
143-->[com.google.android.gms:play-services-measurement-api:20.0.2] AndroidManifest.xml:30:13-32:85
144                android:name="com.google.firebase.components:com.google.firebase.analytics.connector.internal.AnalyticsConnectorRegistrar"
144-->[com.google.android.gms:play-services-measurement-api:20.0.2] AndroidManifest.xml:31:17-139
145                android:value="com.google.firebase.components.ComponentRegistrar" />
145-->[com.google.android.gms:play-services-measurement-api:20.0.2] AndroidManifest.xml:32:17-82
146            <meta-data
146-->[com.google.firebase:firebase-installations:17.0.0] AndroidManifest.xml:18:13-20:85
147                android:name="com.google.firebase.components:com.google.firebase.installations.FirebaseInstallationsRegistrar"
147-->[com.google.firebase:firebase-installations:17.0.0] AndroidManifest.xml:19:17-127
148                android:value="com.google.firebase.components.ComponentRegistrar" />
148-->[com.google.firebase:firebase-installations:17.0.0] AndroidManifest.xml:20:17-82
149        </service>
150
151        <activity
151-->[com.google.firebase:firebase-auth:21.0.5] AndroidManifest.xml:27:9-44:20
152            android:name="com.google.firebase.auth.internal.GenericIdpActivity"
152-->[com.google.firebase:firebase-auth:21.0.5] AndroidManifest.xml:28:13-80
153            android:excludeFromRecents="true"
153-->[com.google.firebase:firebase-auth:21.0.5] AndroidManifest.xml:29:13-46
154            android:exported="true"
154-->[com.google.firebase:firebase-auth:21.0.5] AndroidManifest.xml:30:13-36
155            android:launchMode="singleTask"
155-->[com.google.firebase:firebase-auth:21.0.5] AndroidManifest.xml:31:13-44
156            android:theme="@android:style/Theme.Translucent.NoTitleBar" >
156-->[com.google.firebase:firebase-auth:21.0.5] AndroidManifest.xml:32:13-72
157            <intent-filter>
157-->[com.google.firebase:firebase-auth:21.0.5] AndroidManifest.xml:33:13-43:29
158                <action android:name="android.intent.action.VIEW" />
158-->[com.google.firebase:firebase-auth:21.0.5] AndroidManifest.xml:34:17-69
158-->[com.google.firebase:firebase-auth:21.0.5] AndroidManifest.xml:34:25-66
159
160                <category android:name="android.intent.category.DEFAULT" />
160-->[com.google.firebase:firebase-auth:21.0.5] AndroidManifest.xml:36:17-76
160-->[com.google.firebase:firebase-auth:21.0.5] AndroidManifest.xml:36:27-73
161                <category android:name="android.intent.category.BROWSABLE" />
161-->[com.google.firebase:firebase-auth:21.0.5] AndroidManifest.xml:37:17-78
161-->[com.google.firebase:firebase-auth:21.0.5] AndroidManifest.xml:37:27-75
162
163                <data
163-->[com.google.firebase:firebase-auth:21.0.5] AndroidManifest.xml:39:17-42:51
164                    android:host="firebase.auth"
164-->[com.google.firebase:firebase-auth:21.0.5] AndroidManifest.xml:40:21-49
165                    android:path="/"
165-->[com.google.firebase:firebase-auth:21.0.5] AndroidManifest.xml:41:21-37
166                    android:scheme="genericidp" />
166-->[com.google.firebase:firebase-auth:21.0.5] AndroidManifest.xml:42:21-48
167            </intent-filter>
168        </activity>
169        <activity
169-->[com.google.firebase:firebase-auth:21.0.5] AndroidManifest.xml:45:9-62:20
170            android:name="com.google.firebase.auth.internal.RecaptchaActivity"
170-->[com.google.firebase:firebase-auth:21.0.5] AndroidManifest.xml:46:13-79
171            android:excludeFromRecents="true"
171-->[com.google.firebase:firebase-auth:21.0.5] AndroidManifest.xml:47:13-46
172            android:exported="true"
172-->[com.google.firebase:firebase-auth:21.0.5] AndroidManifest.xml:48:13-36
173            android:launchMode="singleTask"
173-->[com.google.firebase:firebase-auth:21.0.5] AndroidManifest.xml:49:13-44
174            android:theme="@android:style/Theme.Translucent.NoTitleBar" >
174-->[com.google.firebase:firebase-auth:21.0.5] AndroidManifest.xml:50:13-72
175            <intent-filter>
175-->[com.google.firebase:firebase-auth:21.0.5] AndroidManifest.xml:51:13-61:29
176                <action android:name="android.intent.action.VIEW" />
176-->[com.google.firebase:firebase-auth:21.0.5] AndroidManifest.xml:34:17-69
176-->[com.google.firebase:firebase-auth:21.0.5] AndroidManifest.xml:34:25-66
177
178                <category android:name="android.intent.category.DEFAULT" />
178-->[com.google.firebase:firebase-auth:21.0.5] AndroidManifest.xml:36:17-76
178-->[com.google.firebase:firebase-auth:21.0.5] AndroidManifest.xml:36:27-73
179                <category android:name="android.intent.category.BROWSABLE" />
179-->[com.google.firebase:firebase-auth:21.0.5] AndroidManifest.xml:37:17-78
179-->[com.google.firebase:firebase-auth:21.0.5] AndroidManifest.xml:37:27-75
180
181                <data
181-->[com.google.firebase:firebase-auth:21.0.5] AndroidManifest.xml:39:17-42:51
182                    android:host="firebase.auth"
182-->[com.google.firebase:firebase-auth:21.0.5] AndroidManifest.xml:40:21-49
183                    android:path="/"
183-->[com.google.firebase:firebase-auth:21.0.5] AndroidManifest.xml:41:21-37
184                    android:scheme="recaptcha" />
184-->[com.google.firebase:firebase-auth:21.0.5] AndroidManifest.xml:42:21-48
185            </intent-filter>
186        </activity>
187
188        <provider
188-->[com.squareup.picasso:picasso:2.71828] AndroidManifest.xml:8:9-11:40
189            android:name="com.squareup.picasso.PicassoProvider"
189-->[com.squareup.picasso:picasso:2.71828] AndroidManifest.xml:9:13-64
190            android:authorities="com.example.messheknahalal.com.squareup.picasso"
190-->[com.squareup.picasso:picasso:2.71828] AndroidManifest.xml:10:13-72
191            android:exported="false" />
191-->[com.squareup.picasso:picasso:2.71828] AndroidManifest.xml:11:13-37
192
193        <receiver
193-->[com.google.firebase:firebase-messaging:23.0.0] AndroidManifest.xml:28:9-35:20
194            android:name="com.google.firebase.iid.FirebaseInstanceIdReceiver"
194-->[com.google.firebase:firebase-messaging:23.0.0] AndroidManifest.xml:29:13-78
195            android:exported="true"
195-->[com.google.firebase:firebase-messaging:23.0.0] AndroidManifest.xml:30:13-36
196            android:permission="com.google.android.c2dm.permission.SEND" >
196-->[com.google.firebase:firebase-messaging:23.0.0] AndroidManifest.xml:31:13-73
197            <intent-filter>
197-->[com.google.firebase:firebase-messaging:23.0.0] AndroidManifest.xml:32:13-34:29
198                <action android:name="com.google.android.c2dm.intent.RECEIVE" />
198-->[com.google.firebase:firebase-messaging:23.0.0] AndroidManifest.xml:33:17-81
198-->[com.google.firebase:firebase-messaging:23.0.0] AndroidManifest.xml:33:25-78
199            </intent-filter>
200        </receiver>
201        <!--
202             FirebaseMessagingService performs security checks at runtime,
203             but set to not exported to explicitly avoid allowing another app to call it.
204        -->
205        <service
205-->[com.google.firebase:firebase-messaging:23.0.0] AndroidManifest.xml:41:9-48:19
206            android:name="com.google.firebase.messaging.FirebaseMessagingService"
206-->[com.google.firebase:firebase-messaging:23.0.0] AndroidManifest.xml:42:13-82
207            android:directBootAware="true"
207-->[com.google.firebase:firebase-messaging:23.0.0] AndroidManifest.xml:43:13-43
208            android:exported="false" >
208-->[com.google.firebase:firebase-messaging:23.0.0] AndroidManifest.xml:44:13-37
209            <intent-filter android:priority="-500" >
209-->src\main\AndroidManifest.xml:103:13-105:29
210                <action android:name="com.google.firebase.MESSAGING_EVENT" />
210-->src\main\AndroidManifest.xml:104:17-78
210-->src\main\AndroidManifest.xml:104:25-75
211            </intent-filter>
212        </service>
213        <service
213-->[com.google.android.datatransport:transport-backend-cct:3.0.0] AndroidManifest.xml:29:9-35:19
214            android:name="com.google.android.datatransport.runtime.backends.TransportBackendDiscovery"
214-->[com.google.android.datatransport:transport-backend-cct:3.0.0] AndroidManifest.xml:30:13-103
215            android:exported="false" >
215-->[com.google.android.datatransport:transport-backend-cct:3.0.0] AndroidManifest.xml:31:13-37
216            <meta-data
216-->[com.google.android.datatransport:transport-backend-cct:3.0.0] AndroidManifest.xml:32:13-34:39
217                android:name="backend:com.google.android.datatransport.cct.CctBackendFactory"
217-->[com.google.android.datatransport:transport-backend-cct:3.0.0] AndroidManifest.xml:33:17-94
218                android:value="cct" />
218-->[com.google.android.datatransport:transport-backend-cct:3.0.0] AndroidManifest.xml:34:17-36
219        </service>
220
221        <provider
221-->[com.google.firebase:firebase-common:20.1.1] AndroidManifest.xml:26:9-31:39
222            android:name="com.google.firebase.provider.FirebaseInitProvider"
222-->[com.google.firebase:firebase-common:20.1.1] AndroidManifest.xml:27:13-77
223            android:authorities="com.example.messheknahalal.firebaseinitprovider"
223-->[com.google.firebase:firebase-common:20.1.1] AndroidManifest.xml:28:13-72
224            android:directBootAware="true"
224-->[com.google.firebase:firebase-common:20.1.1] AndroidManifest.xml:29:13-43
225            android:exported="false"
225-->[com.google.firebase:firebase-common:20.1.1] AndroidManifest.xml:30:13-37
226            android:initOrder="100" />
226-->[com.google.firebase:firebase-common:20.1.1] AndroidManifest.xml:31:13-36
227
228        <activity
228-->[com.google.android.gms:play-services-base:18.0.1] AndroidManifest.xml:20:9-22:45
229            android:name="com.google.android.gms.common.api.GoogleApiActivity"
229-->[com.google.android.gms:play-services-base:18.0.1] AndroidManifest.xml:20:19-85
230            android:exported="false"
230-->[com.google.android.gms:play-services-base:18.0.1] AndroidManifest.xml:22:19-43
231            android:theme="@android:style/Theme.Translucent.NoTitleBar" />
231-->[com.google.android.gms:play-services-base:18.0.1] AndroidManifest.xml:21:19-78
232
233        <receiver
233-->[com.google.android.gms:play-services-measurement:20.0.2] AndroidManifest.xml:29:9-33:20
234            android:name="com.google.android.gms.measurement.AppMeasurementReceiver"
234-->[com.google.android.gms:play-services-measurement:20.0.2] AndroidManifest.xml:30:13-85
235            android:enabled="true"
235-->[com.google.android.gms:play-services-measurement:20.0.2] AndroidManifest.xml:31:13-35
236            android:exported="false" >
236-->[com.google.android.gms:play-services-measurement:20.0.2] AndroidManifest.xml:32:13-37
237        </receiver>
238
239        <service
239-->[com.google.android.gms:play-services-measurement:20.0.2] AndroidManifest.xml:35:9-38:40
240            android:name="com.google.android.gms.measurement.AppMeasurementService"
240-->[com.google.android.gms:play-services-measurement:20.0.2] AndroidManifest.xml:36:13-84
241            android:enabled="true"
241-->[com.google.android.gms:play-services-measurement:20.0.2] AndroidManifest.xml:37:13-35
242            android:exported="false" />
242-->[com.google.android.gms:play-services-measurement:20.0.2] AndroidManifest.xml:38:13-37
243        <service
243-->[com.google.android.gms:play-services-measurement:20.0.2] AndroidManifest.xml:39:9-43:72
244            android:name="com.google.android.gms.measurement.AppMeasurementJobService"
244-->[com.google.android.gms:play-services-measurement:20.0.2] AndroidManifest.xml:40:13-87
245            android:enabled="true"
245-->[com.google.android.gms:play-services-measurement:20.0.2] AndroidManifest.xml:41:13-35
246            android:exported="false"
246-->[com.google.android.gms:play-services-measurement:20.0.2] AndroidManifest.xml:42:13-37
247            android:permission="android.permission.BIND_JOB_SERVICE" />
247-->[com.google.android.gms:play-services-measurement:20.0.2] AndroidManifest.xml:43:13-69
248
249        <meta-data
249-->[com.google.android.gms:play-services-basement:18.0.0] AndroidManifest.xml:21:9-23:69
250            android:name="com.google.android.gms.version"
250-->[com.google.android.gms:play-services-basement:18.0.0] AndroidManifest.xml:22:13-58
251            android:value="@integer/google_play_services_version" />
251-->[com.google.android.gms:play-services-basement:18.0.0] AndroidManifest.xml:23:13-66
252
253        <provider
253-->[androidx.emoji2:emoji2:1.0.0] AndroidManifest.xml:26:9-34:20
254            android:name="androidx.startup.InitializationProvider"
254-->[androidx.emoji2:emoji2:1.0.0] AndroidManifest.xml:27:13-67
255            android:authorities="com.example.messheknahalal.androidx-startup"
255-->[androidx.emoji2:emoji2:1.0.0] AndroidManifest.xml:28:13-68
256            android:exported="false" >
256-->[androidx.emoji2:emoji2:1.0.0] AndroidManifest.xml:29:13-37
257            <meta-data
257-->[androidx.emoji2:emoji2:1.0.0] AndroidManifest.xml:31:13-33:52
258                android:name="androidx.emoji2.text.EmojiCompatInitializer"
258-->[androidx.emoji2:emoji2:1.0.0] AndroidManifest.xml:32:17-75
259                android:value="androidx.startup" />
259-->[androidx.emoji2:emoji2:1.0.0] AndroidManifest.xml:33:17-49
260            <meta-data
260-->[androidx.lifecycle:lifecycle-process:2.4.0] AndroidManifest.xml:31:13-33:52
261                android:name="androidx.lifecycle.ProcessLifecycleInitializer"
261-->[androidx.lifecycle:lifecycle-process:2.4.0] AndroidManifest.xml:32:17-78
262                android:value="androidx.startup" />
262-->[androidx.lifecycle:lifecycle-process:2.4.0] AndroidManifest.xml:33:17-49
263        </provider>
264
265        <uses-library
265-->[androidx.window:window:1.0.0] AndroidManifest.xml:25:9-27:40
266            android:name="androidx.window.extensions"
266-->[androidx.window:window:1.0.0] AndroidManifest.xml:26:13-54
267            android:required="false" />
267-->[androidx.window:window:1.0.0] AndroidManifest.xml:27:13-37
268        <uses-library
268-->[androidx.window:window:1.0.0] AndroidManifest.xml:28:9-30:40
269            android:name="androidx.window.sidecar"
269-->[androidx.window:window:1.0.0] AndroidManifest.xml:29:13-51
270            android:required="false" />
270-->[androidx.window:window:1.0.0] AndroidManifest.xml:30:13-37
271
272        <service
272-->[com.google.android.datatransport:transport-runtime:3.0.0] AndroidManifest.xml:26:9-30:19
273            android:name="com.google.android.datatransport.runtime.scheduling.jobscheduling.JobInfoSchedulerService"
273-->[com.google.android.datatransport:transport-runtime:3.0.0] AndroidManifest.xml:27:13-117
274            android:exported="false"
274-->[com.google.android.datatransport:transport-runtime:3.0.0] AndroidManifest.xml:28:13-37
275            android:permission="android.permission.BIND_JOB_SERVICE" >
275-->[com.google.android.datatransport:transport-runtime:3.0.0] AndroidManifest.xml:29:13-69
276        </service>
277
278        <receiver
278-->[com.google.android.datatransport:transport-runtime:3.0.0] AndroidManifest.xml:32:9-34:40